New log file opened at Fri Apr 08 00:21:18 CST 2016 by 14518@192.168.1.9
Sending msg to client play-fork-run-3fa2766d-3cf2-4977-b7a9-5a06175834ac: DetachedLogEvent(LogMessage(debug,sbt server socket logs are in: /Users/tianmaolan/Downloads/PlayFramework-master/.sbtserver/connections/master.log))
Sending msg to client play-fork-run-3fa2766d-3cf2-4977-b7a9-5a06175834ac: DetachedLogEvent(LogMessage(debug,sbt client logs are in: /Users/tianmaolan/Downloads/PlayFramework-master/.sbtserver/connections/play-fork-run-3fa2766d-3cf2-4977-b7a9-5a06175834ac.log))
Sending msg to client play-fork-run-3fa2766d-3cf2-4977-b7a9-5a06175834ac: DetachedLogEvent(LogMessage(debug,sbt general server logs are in: /Users/tianmaolan/Downloads/PlayFramework-master/.sbtserver/master.log))
Reading next message from client.
Got request: DaemonRequest(true)
Reading next message from client.
Sending msg to client play-fork-run-3fa2766d-3cf2-4977-b7a9-5a06175834ac: (3,ReceivedResponse())
Got request: ListenToEvents()
Reading next message from client.
Sending msg to client play-fork-run-3fa2766d-3cf2-4977-b7a9-5a06175834ac: BackgroundJobStarted(91,BackgroundJobInfo(11,backgroundRun,AttributeKey[sbt.BackgroundJobHandle]("backgroundRun") in Scope(Build: file:/Users/tianmaolan/Downloads/PlayFramework-master/, , Project: ProjectReference(file:/Users/tianmaolan/Downloads/PlayFramework-master/,root), Config: compile)))
Sending msg to client play-fork-run-3fa2766d-3cf2-4977-b7a9-5a06175834ac: BackgroundJobStarted(78,BackgroundJobInfo(10,backgroundRun,AttributeKey[sbt.BackgroundJobHandle]("backgroundRun") in Scope(Build: file:/Users/tianmaolan/Downloads/PlayFramework-master/, , Project: ProjectReference(file:/Users/tianmaolan/Downloads/PlayFramework-master/,root), Config: compile)))
Sending msg to client play-fork-run-3fa2766d-3cf2-4977-b7a9-5a06175834ac: (4,ReceivedResponse())
Got request: KeyLookupRequest(root/playForkConfig)
Reading next message from client.
Sending msg to client play-fork-run-3fa2766d-3cf2-4977-b7a9-5a06175834ac: (5,KeyLookupResponse(root/playForkConfig,Vector(AttributeKey[play.forkrun.protocol.ForkConfig]("playForkConfig") in Scope(Build: file:/Users/tianmaolan/Downloads/PlayFramework-master/, , Project: ProjectReference(file:/Users/tianmaolan/Downloads/PlayFramework-master/,root)))))
Got request: ListenToValue(AttributeKey[play.forkrun.protocol.ForkConfig]("playForkConfig") in Scope(Build: file:/Users/tianmaolan/Downloads/PlayFramework-master/, , Project: ProjectReference(file:/Users/tianmaolan/Downloads/PlayFramework-master/,root)))
Reading next message from client.
Sending msg to client play-fork-run-3fa2766d-3cf2-4977-b7a9-5a06175834ac: (6,ReceivedResponse())
Got request: KeyExecutionRequest(AttributeKey[play.forkrun.protocol.ForkConfig]("playForkConfig") in Scope(Build: file:/Users/tianmaolan/Downloads/PlayFramework-master/, , Project: ProjectReference(file:/Users/tianmaolan/Downloads/PlayFramework-master/,root)))
Reading next message from client.
Sending msg to client play-fork-run-3fa2766d-3cf2-4977-b7a9-5a06175834ac: (7,ExecutionRequestReceived(92))
Sending msg to client play-fork-run-3fa2766d-3cf2-4977-b7a9-5a06175834ac: ExecutionWaiting(92,{file:/Users/tianmaolan/Downloads/PlayFramework-master/}root/*:playForkConfig,ClientInfo(3fa2766d-3cf2-4977-b7a9-5a06175834ac,play-fork-run,Play Fork Run,1,Vector()))
Sending msg to client play-fork-run-3fa2766d-3cf2-4977-b7a9-5a06175834ac: ExecutionStarting(92)
Sending msg to client play-fork-run-3fa2766d-3cf2-4977-b7a9-5a06175834ac: DetachedLogEvent(LogMessage(debug,> {file:/Users/tianmaolan/Downloads/PlayFramework-master/}root/*:playForkConfig))
Sending msg to client play-fork-run-3fa2766d-3cf2-4977-b7a9-5a06175834ac: DetachedLogEvent(LogMessage(debug,Evaluating tasks: *:playForkConfig))
Sending msg to client play-fork-run-3fa2766d-3cf2-4977-b7a9-5a06175834ac: DetachedLogEvent(LogMessage(debug,Running task... Cancel: sbt.server.ServerTaskCancellation@2ff360fc, check cycles: false))
Sending msg to client play-fork-run-3fa2766d-3cf2-4977-b7a9-5a06175834ac: DetachedLogEvent(LogMessage(debug,cancel strategy start enabled=true lastCommand=Some(LastCommand(CommandExecutionWork(ExecutionId(92),{file:/Users/tianmaolan/Downloads/PlayFramework-master/}root/*:playForkConfig,Set(LiveClient(play-fork-run 3fa2766d-3cf2-4977-b7a9-5a06175834ac)),sbt.server.WorkCancellationStatus$$anon$1@5f506e9d)))))
Sending msg to client play-fork-run-3fa2766d-3cf2-4977-b7a9-5a06175834ac: TaskStarted(92,9516,Some(AttributeKey[scala.collection.Seq[java.lang.String]]("javaOptions") in Scope(Global)))
Sending msg to client play-fork-run-3fa2766d-3cf2-4977-b7a9-5a06175834ac: TaskStarted(92,9520,None)
Sending msg to client play-fork-run-3fa2766d-3cf2-4977-b7a9-5a06175834ac: TaskStarted(92,9522,None)
Sending msg to client play-fork-run-3fa2766d-3cf2-4977-b7a9-5a06175834ac: TaskStarted(92,9526,Some(AttributeKey[java.lang.String]("updateCacheName") in Scope(Build: file:/Users/tianmaolan/Downloads/PlayFramework-master/, , Project: ProjectReference(file:/Users/tianmaolan/Downloads/PlayFramework-master/,root))))
Sending msg to client play-fork-run-3fa2766d-3cf2-4977-b7a9-5a06175834ac: TaskStarted(92,9528,None)
Sending msg to client play-fork-run-3fa2766d-3cf2-4977-b7a9-5a06175834ac: TaskStarted(92,9531,Some(AttributeKey[boolean]("skip") in Scope(Global)))
Sending msg to client play-fork-run-3fa2766d-3cf2-4977-b7a9-5a06175834ac: TaskStarted(92,9543,Some(AttributeKey[scala.collection.Seq[sbt.Resolver]]("externalResolvers") in Scope(Build: file:/Users/tianmaolan/Downloads/PlayFramework-master/, , Project: ProjectReference(file:/Users/tianmaolan/Downloads/PlayFramework-master/,root))))
Sending msg to client play-fork-run-3fa2766d-3cf2-4977-b7a9-5a06175834ac: TaskStarted(92,9544,Some(AttributeKey[scala.Option[scala.collection.Seq[sbt.Resolver]]]("bootResolvers") in Scope(Build: file:/Users/tianmaolan/Downloads/PlayFramework-master/, , Project: ProjectReference(file:/Users/tianmaolan/Downloads/PlayFramework-master/,root))))
Sending msg to client play-fork-run-3fa2766d-3cf2-4977-b7a9-5a06175834ac: TaskStarted(92,9545,Some(AttributeKey[scala.collection.Seq[sbt.Credentials]]("credentials") in Scope(Global)))
Sending msg to client play-fork-run-3fa2766d-3cf2-4977-b7a9-5a06175834ac: TaskStarted(92,9548,None)
Sending msg to client play-fork-run-3fa2766d-3cf2-4977-b7a9-5a06175834ac: TaskStarted(92,9549,None)
Sending msg to client play-fork-run-3fa2766d-3cf2-4977-b7a9-5a06175834ac: TaskStarted(92,9550,None)
Sending msg to client play-fork-run-3fa2766d-3cf2-4977-b7a9-5a06175834ac: TaskStarted(92,9554,Some(AttributeKey[scala.Tuple2[java.lang.String,java.io.File]]("playPrefixAndAssets") in Scope(Build: file:/Users/tianmaolan/Downloads/PlayFramework-master/, , Project: ProjectReference(file:/Users/tianmaolan/Downloads/PlayFramework-master/,root))))
Sending msg to client play-fork-run-3fa2766d-3cf2-4977-b7a9-5a06175834ac: TaskStarted(92,9568,None)
Sending msg to client play-fork-run-3fa2766d-3cf2-4977-b7a9-5a06175834ac: TaskFinished(92,9516,Some(AttributeKey[scala.collection.Seq[java.lang.String]]("javaOptions") in Scope(Global)),true,None)
Sending msg to client play-fork-run-3fa2766d-3cf2-4977-b7a9-5a06175834ac: TaskFinished(92,9520,None,true,None)
Sending msg to client play-fork-run-3fa2766d-3cf2-4977-b7a9-5a06175834ac: TaskStarted(92,9519,None)
Sending msg to client play-fork-run-3fa2766d-3cf2-4977-b7a9-5a06175834ac: TaskStarted(92,9525,None)
Sending msg to client play-fork-run-3fa2766d-3cf2-4977-b7a9-5a06175834ac: TaskStarted(92,9538,None)
Sending msg to client play-fork-run-3fa2766d-3cf2-4977-b7a9-5a06175834ac: TaskStarted(92,9542,None)
Sending msg to client play-fork-run-3fa2766d-3cf2-4977-b7a9-5a06175834ac: TaskStarted(92,9546,None)
Sending msg to client play-fork-run-3fa2766d-3cf2-4977-b7a9-5a06175834ac: TaskStarted(92,9558,None)
Sending msg to client play-fork-run-3fa2766d-3cf2-4977-b7a9-5a06175834ac: TaskStarted(92,9561,None)
Sending msg to client play-fork-run-3fa2766d-3cf2-4977-b7a9-5a06175834ac: TaskStarted(92,9569,None)
Sending msg to client play-fork-run-3fa2766d-3cf2-4977-b7a9-5a06175834ac: TaskFinished(92,9522,None,true,None)
Sending msg to client play-fork-run-3fa2766d-3cf2-4977-b7a9-5a06175834ac: TaskStarted(92,9530,Some(AttributeKey[sbt.BuildStructure]("buildStructure") in Scope(Global)))
Sending msg to client play-fork-run-3fa2766d-3cf2-4977-b7a9-5a06175834ac: TaskStarted(92,9551,Some(AttributeKey[java.io.File]("dependencyCacheDirectory") in Scope(Build: file:/Users/tianmaolan/Downloads/PlayFramework-master/, , Project: ProjectReference(file:/Users/tianmaolan/Downloads/PlayFramework-master/,root))))
Sending msg to client play-fork-run-3fa2766d-3cf2-4977-b7a9-5a06175834ac: TaskStarted(92,9552,Some(AttributeKey[scala.collection.Seq[java.lang.String]]("playMonitoredFiles") in Scope(Build: file:/Users/tianmaolan/Downloads/PlayFramework-master/, , Project: ProjectReference(file:/Users/tianmaolan/Downloads/PlayFramework-master/,root))))
Sending msg to client play-fork-run-3fa2766d-3cf2-4977-b7a9-5a06175834ac: TaskFinished(92,9531,Some(AttributeKey[boolean]("skip") in Scope(Global)),true,None)
Sending msg to client play-fork-run-3fa2766d-3cf2-4977-b7a9-5a06175834ac: TaskFinished(92,9528,None,true,None)
Sending msg to client play-fork-run-3fa2766d-3cf2-4977-b7a9-5a06175834ac: TaskFinished(92,9526,Some(AttributeKey[java.lang.String]("updateCacheName") in Scope(Build: file:/Users/tianmaolan/Downloads/PlayFramework-master/, , Project: ProjectReference(file:/Users/tianmaolan/Downloads/PlayFramework-master/,root))),true,None)
Sending msg to client play-fork-run-3fa2766d-3cf2-4977-b7a9-5a06175834ac: TaskFinished(92,9543,Some(AttributeKey[scala.collection.Seq[sbt.Resolver]]("externalResolvers") in Scope(Build: file:/Users/tianmaolan/Downloads/PlayFramework-master/, , Project: ProjectReference(file:/Users/tianmaolan/Downloads/PlayFramework-master/,root))),true,None)
Sending msg to client play-fork-run-3fa2766d-3cf2-4977-b7a9-5a06175834ac: TaskFinished(92,9545,Some(AttributeKey[scala.collection.Seq[sbt.Credentials]]("credentials") in Scope(Global)),true,None)
Sending msg to client play-fork-run-3fa2766d-3cf2-4977-b7a9-5a06175834ac: TaskFinished(92,9549,None,true,None)
Sending msg to client play-fork-run-3fa2766d-3cf2-4977-b7a9-5a06175834ac: TaskFinished(92,9550,None,true,None)
Sending msg to client play-fork-run-3fa2766d-3cf2-4977-b7a9-5a06175834ac: TaskFinished(92,9544,Some(AttributeKey[scala.Option[scala.collection.Seq[sbt.Resolver]]]("bootResolvers") in Scope(Build: file:/Users/tianmaolan/Downloads/PlayFramework-master/, , Project: ProjectReference(file:/Users/tianmaolan/Downloads/PlayFramework-master/,root))),true,None)
Sending msg to client play-fork-run-3fa2766d-3cf2-4977-b7a9-5a06175834ac: TaskFinished(92,9548,None,true,None)
Sending msg to client play-fork-run-3fa2766d-3cf2-4977-b7a9-5a06175834ac: TaskStarted(92,9547,Some(AttributeKey[scala.collection.Seq[sbt.UpdateReport]]("transitiveUpdate") in Scope(Build: file:/Users/tianmaolan/Downloads/PlayFramework-master/, , Project: ProjectReference(file:/Users/tianmaolan/Downloads/PlayFramework-master/,root))))
Sending msg to client play-fork-run-3fa2766d-3cf2-4977-b7a9-5a06175834ac: TaskFinished(92,9554,Some(AttributeKey[scala.Tuple2[java.lang.String,java.io.File]]("playPrefixAndAssets") in Scope(Build: file:/Users/tianmaolan/Downloads/PlayFramework-master/, , Project: ProjectReference(file:/Users/tianmaolan/Downloads/PlayFramework-master/,root))),true,None)
Sending msg to client play-fork-run-3fa2766d-3cf2-4977-b7a9-5a06175834ac: TaskStarted(92,9556,None)
Sending msg to client play-fork-run-3fa2766d-3cf2-4977-b7a9-5a06175834ac: TaskFinished(92,9568,None,true,None)
Sending msg to client play-fork-run-3fa2766d-3cf2-4977-b7a9-5a06175834ac: TaskFinished(92,9519,None,true,None)
Sending msg to client play-fork-run-3fa2766d-3cf2-4977-b7a9-5a06175834ac: TaskFinished(92,9525,None,true,None)
Sending msg to client play-fork-run-3fa2766d-3cf2-4977-b7a9-5a06175834ac: TaskStarted(92,9524,Some(AttributeKey[scala.collection.immutable.Map[sbt.ModuleID,sbt.SourcePosition]]("dependencyPositions") in Scope(Build: file:/Users/tianmaolan/Downloads/PlayFramework-master/, , Project: ProjectReference(file:/Users/tianmaolan/Downloads/PlayFramework-master/,root))))
Sending msg to client play-fork-run-3fa2766d-3cf2-4977-b7a9-5a06175834ac: TaskFinished(92,9538,None,true,None)
Sending msg to client play-fork-run-3fa2766d-3cf2-4977-b7a9-5a06175834ac: TaskFinished(92,9546,None,true,None)
Sending msg to client play-fork-run-3fa2766d-3cf2-4977-b7a9-5a06175834ac: TaskFinished(92,9561,None,true,None)
Sending msg to client play-fork-run-3fa2766d-3cf2-4977-b7a9-5a06175834ac: TaskFinished(92,9558,None,true,None)
Sending msg to client play-fork-run-3fa2766d-3cf2-4977-b7a9-5a06175834ac: TaskFinished(92,9569,None,true,None)
Sending msg to client play-fork-run-3fa2766d-3cf2-4977-b7a9-5a06175834ac: TaskFinished(92,9530,Some(AttributeKey[sbt.BuildStructure]("buildStructure") in Scope(Global)),true,None)
Sending msg to client play-fork-run-3fa2766d-3cf2-4977-b7a9-5a06175834ac: TaskStarted(92,9529,Some(AttributeKey[sbt.Settings[sbt.Scope]]("settingsData") in Scope(Global)))
Sending msg to client play-fork-run-3fa2766d-3cf2-4977-b7a9-5a06175834ac: TaskFinished(92,9542,None,true,None)
Sending msg to client play-fork-run-3fa2766d-3cf2-4977-b7a9-5a06175834ac: TaskFinished(92,9551,Some(AttributeKey[java.io.File]("dependencyCacheDirectory") in Scope(Build: file:/Users/tianmaolan/Downloads/PlayFramework-master/, , Project: ProjectReference(file:/Users/tianmaolan/Downloads/PlayFramework-master/,root))),true,None)
Sending msg to client play-fork-run-3fa2766d-3cf2-4977-b7a9-5a06175834ac: TaskFinished(92,9552,Some(AttributeKey[scala.collection.Seq[java.lang.String]]("playMonitoredFiles") in Scope(Build: file:/Users/tianmaolan/Downloads/PlayFramework-master/, , Project: ProjectReference(file:/Users/tianmaolan/Downloads/PlayFramework-master/,root))),true,None)
Sending msg to client play-fork-run-3fa2766d-3cf2-4977-b7a9-5a06175834ac: TaskFinished(92,9547,Some(AttributeKey[scala.collection.Seq[sbt.UpdateReport]]("transitiveUpdate") in Scope(Build: file:/Users/tianmaolan/Downloads/PlayFramework-master/, , Project: ProjectReference(file:/Users/tianmaolan/Downloads/PlayFramework-master/,root))),true,None)
Sending msg to client play-fork-run-3fa2766d-3cf2-4977-b7a9-5a06175834ac: TaskFinished(92,9556,None,true,None)
Sending msg to client play-fork-run-3fa2766d-3cf2-4977-b7a9-5a06175834ac: TaskStarted(92,9555,None)
Sending msg to client play-fork-run-3fa2766d-3cf2-4977-b7a9-5a06175834ac: TaskFinished(92,9529,Some(AttributeKey[sbt.Settings[sbt.Scope]]("settingsData") in Scope(Global)),true,None)
Sending msg to client play-fork-run-3fa2766d-3cf2-4977-b7a9-5a06175834ac: TaskStarted(92,9527,None)
Sending msg to client play-fork-run-3fa2766d-3cf2-4977-b7a9-5a06175834ac: TaskStarted(92,9535,Some(AttributeKey[scala.collection.Seq[sbt.ModuleID]]("projectDependencies") in Scope(Build: file:/Users/tianmaolan/Downloads/PlayFramework-master/, , Project: ProjectReference(file:/Users/tianmaolan/Downloads/PlayFramework-master/,root))))
Sending msg to client play-fork-run-3fa2766d-3cf2-4977-b7a9-5a06175834ac: TaskStarted(92,9541,Some(AttributeKey[scala.collection.immutable.Map[org.apache.ivy.core.module.id.ModuleRevisionId,org.apache.ivy.core.module.descriptor.ModuleDescriptor]]("projectDescriptors") in Scope(Build: file:/Users/tianmaolan/Downloads/PlayFramework-master/, , Project: ProjectReference(file:/Users/tianmaolan/Downloads/PlayFramework-master/,root))))
Sending msg to client play-fork-run-3fa2766d-3cf2-4977-b7a9-5a06175834ac: TaskStarted(92,9562,None)
Sending msg to client play-fork-run-3fa2766d-3cf2-4977-b7a9-5a06175834ac: TaskFinished(92,9524,Some(AttributeKey[scala.collection.immutable.Map[sbt.ModuleID,sbt.SourcePosition]]("dependencyPositions") in Scope(Build: file:/Users/tianmaolan/Downloads/PlayFramework-master/, , Project: ProjectReference(file:/Users/tianmaolan/Downloads/PlayFramework-master/,root))),true,None)
Sending msg to client play-fork-run-3fa2766d-3cf2-4977-b7a9-5a06175834ac: TaskStarted(92,9523,Some(AttributeKey[sbt.UnresolvedWarningConfiguration]("unresolvedWarningConfiguration") in Scope(Build: file:/Users/tianmaolan/Downloads/PlayFramework-master/, , Project: ProjectReference(file:/Users/tianmaolan/Downloads/PlayFramework-master/,root), Task: AttributeKey[sbt.UpdateReport]("update"))))
Sending msg to client play-fork-run-3fa2766d-3cf2-4977-b7a9-5a06175834ac: TaskFinished(92,9555,None,true,None)
Sending msg to client play-fork-run-3fa2766d-3cf2-4977-b7a9-5a06175834ac: TaskStarted(92,9553,Some(AttributeKey[scala.collection.Seq[scala.Tuple2[java.lang.String,java.io.File]]]("playAllAssets") in Scope(Build: file:/Users/tianmaolan/Downloads/PlayFramework-master/, , Project: ProjectReference(file:/Users/tianmaolan/Downloads/PlayFramework-master/,root))))
Sending msg to client play-fork-run-3fa2766d-3cf2-4977-b7a9-5a06175834ac: TaskStarted(92,9570,None)
Sending msg to client play-fork-run-3fa2766d-3cf2-4977-b7a9-5a06175834ac: TaskFinished(92,9535,Some(AttributeKey[scala.collection.Seq[sbt.ModuleID]]("projectDependencies") in Scope(Build: file:/Users/tianmaolan/Downloads/PlayFramework-master/, , Project: ProjectReference(file:/Users/tianmaolan/Downloads/PlayFramework-master/,root))),true,None)
Sending msg to client play-fork-run-3fa2766d-3cf2-4977-b7a9-5a06175834ac: TaskStarted(92,9534,Some(AttributeKey[scala.collection.Seq[sbt.ModuleID]]("allDependencies") in Scope(Build: file:/Users/tianmaolan/Downloads/PlayFramework-master/, , Project: ProjectReference(file:/Users/tianmaolan/Downloads/PlayFramework-master/,root))))
Sending msg to client play-fork-run-3fa2766d-3cf2-4977-b7a9-5a06175834ac: TaskStarted(92,9575,None)
Sending msg to client play-fork-run-3fa2766d-3cf2-4977-b7a9-5a06175834ac: TaskStarted(92,9577,None)
Sending msg to client play-fork-run-3fa2766d-3cf2-4977-b7a9-5a06175834ac: TaskStarted(92,9578,None)
Sending msg to client play-fork-run-3fa2766d-3cf2-4977-b7a9-5a06175834ac: TaskStarted(92,9580,None)
Sending msg to client play-fork-run-3fa2766d-3cf2-4977-b7a9-5a06175834ac: TaskStarted(92,9581,None)
Sending msg to client play-fork-run-3fa2766d-3cf2-4977-b7a9-5a06175834ac: TaskStarted(92,9583,None)
Sending msg to client play-fork-run-3fa2766d-3cf2-4977-b7a9-5a06175834ac: TaskFinished(92,9523,Some(AttributeKey[sbt.UnresolvedWarningConfiguration]("unresolvedWarningConfiguration") in Scope(Build: file:/Users/tianmaolan/Downloads/PlayFramework-master/, , Project: ProjectReference(file:/Users/tianmaolan/Downloads/PlayFramework-master/,root), Task: AttributeKey[sbt.UpdateReport]("update"))),true,None)
Sending msg to client play-fork-run-3fa2766d-3cf2-4977-b7a9-5a06175834ac: TaskFinished(92,9553,Some(AttributeKey[scala.collection.Seq[scala.Tuple2[java.lang.String,java.io.File]]]("playAllAssets") in Scope(Build: file:/Users/tianmaolan/Downloads/PlayFramework-master/, , Project: ProjectReference(file:/Users/tianmaolan/Downloads/PlayFramework-master/,root))),true,None)
Sending msg to client play-fork-run-3fa2766d-3cf2-4977-b7a9-5a06175834ac: TaskFinished(92,9570,None,true,None)
Sending msg to client play-fork-run-3fa2766d-3cf2-4977-b7a9-5a06175834ac: TaskFinished(92,9527,None,true,None)
Sending msg to client play-fork-run-3fa2766d-3cf2-4977-b7a9-5a06175834ac: TaskFinished(92,9534,Some(AttributeKey[scala.collection.Seq[sbt.ModuleID]]("allDependencies") in Scope(Build: file:/Users/tianmaolan/Downloads/PlayFramework-master/, , Project: ProjectReference(file:/Users/tianmaolan/Downloads/PlayFramework-master/,root))),true,None)
Sending msg to client play-fork-run-3fa2766d-3cf2-4977-b7a9-5a06175834ac: TaskStarted(92,9533,Some(AttributeKey[sbt.ModuleSettings]("moduleSettings") in Scope(Build: file:/Users/tianmaolan/Downloads/PlayFramework-master/, , Project: ProjectReference(file:/Users/tianmaolan/Downloads/PlayFramework-master/,root))))
Sending msg to client play-fork-run-3fa2766d-3cf2-4977-b7a9-5a06175834ac: TaskFinished(92,9575,None,true,None)
Sending msg to client play-fork-run-3fa2766d-3cf2-4977-b7a9-5a06175834ac: TaskStarted(92,9574,None)
Sending msg to client play-fork-run-3fa2766d-3cf2-4977-b7a9-5a06175834ac: TaskFinished(92,9577,None,true,None)
Sending msg to client play-fork-run-3fa2766d-3cf2-4977-b7a9-5a06175834ac: TaskFinished(92,9578,None,true,None)
Sending msg to client play-fork-run-3fa2766d-3cf2-4977-b7a9-5a06175834ac: TaskStarted(92,9576,Some(AttributeKey[scala.collection.Seq[sbt.Attributed[java.io.File]]]("unmanagedJars") in Scope(Build: file:/Users/tianmaolan/Downloads/PlayFramework-master/, , Project: ProjectReference(file:/Users/tianmaolan/Downloads/PlayFramework-master/,root), Config: compile)))
Sending msg to client play-fork-run-3fa2766d-3cf2-4977-b7a9-5a06175834ac: TaskFinished(92,9580,None,true,None)
Sending msg to client play-fork-run-3fa2766d-3cf2-4977-b7a9-5a06175834ac: TaskFinished(92,9581,None,true,None)
Sending msg to client play-fork-run-3fa2766d-3cf2-4977-b7a9-5a06175834ac: TaskStarted(92,9579,Some(AttributeKey[scala.collection.Seq[sbt.Attributed[java.io.File]]]("unmanagedJars") in Scope(Build: file:/Users/tianmaolan/Downloads/PlayFramework-master/, , Project: ProjectReference(file:/Users/tianmaolan/Downloads/PlayFramework-master/,root), Config: runtime)))
Sending msg to client play-fork-run-3fa2766d-3cf2-4977-b7a9-5a06175834ac: TaskFinished(92,9583,None,true,None)
Sending msg to client play-fork-run-3fa2766d-3cf2-4977-b7a9-5a06175834ac: TaskStarted(92,9582,None)
Sending msg to client play-fork-run-3fa2766d-3cf2-4977-b7a9-5a06175834ac: TaskFinished(92,9533,Some(AttributeKey[sbt.ModuleSettings]("moduleSettings") in Scope(Build: file:/Users/tianmaolan/Downloads/PlayFramework-master/, , Project: ProjectReference(file:/Users/tianmaolan/Downloads/PlayFramework-master/,root))),true,None)
Sending msg to client play-fork-run-3fa2766d-3cf2-4977-b7a9-5a06175834ac: TaskStarted(92,9584,None)
Sending msg to client play-fork-run-3fa2766d-3cf2-4977-b7a9-5a06175834ac: TaskFinished(92,9576,Some(AttributeKey[scala.collection.Seq[sbt.Attributed[java.io.File]]]("unmanagedJars") in Scope(Build: file:/Users/tianmaolan/Downloads/PlayFramework-master/, , Project: ProjectReference(file:/Users/tianmaolan/Downloads/PlayFramework-master/,root), Config: compile)),true,None)
Sending msg to client play-fork-run-3fa2766d-3cf2-4977-b7a9-5a06175834ac: TaskFinished(92,9582,None,true,None)
Sending msg to client play-fork-run-3fa2766d-3cf2-4977-b7a9-5a06175834ac: TaskFinished(92,9541,Some(AttributeKey[scala.collection.immutable.Map[org.apache.ivy.core.module.id.ModuleRevisionId,org.apache.ivy.core.module.descriptor.ModuleDescriptor]]("projectDescriptors") in Scope(Build: file:/Users/tianmaolan/Downloads/PlayFramework-master/, , Project: ProjectReference(file:/Users/tianmaolan/Downloads/PlayFramework-master/,root))),true,None)
Sending msg to client play-fork-run-3fa2766d-3cf2-4977-b7a9-5a06175834ac: TaskStarted(92,9540,Some(AttributeKey[sbt.Resolver]("projectResolver") in Scope(Build: file:/Users/tianmaolan/Downloads/PlayFramework-master/, , Project: ProjectReference(file:/Users/tianmaolan/Downloads/PlayFramework-master/,root))))
Sending msg to client play-fork-run-3fa2766d-3cf2-4977-b7a9-5a06175834ac: TaskFinished(92,9579,Some(AttributeKey[scala.collection.Seq[sbt.Attributed[java.io.File]]]("unmanagedJars") in Scope(Build: file:/Users/tianmaolan/Downloads/PlayFramework-master/, , Project: ProjectReference(file:/Users/tianmaolan/Downloads/PlayFramework-master/,root), Config: runtime)),true,None)
Sending msg to client play-fork-run-3fa2766d-3cf2-4977-b7a9-5a06175834ac: TaskFinished(92,9584,None,true,None)
Sending msg to client play-fork-run-3fa2766d-3cf2-4977-b7a9-5a06175834ac: TaskFinished(92,9574,None,true,None)
Sending msg to client play-fork-run-3fa2766d-3cf2-4977-b7a9-5a06175834ac: TaskStarted(92,9573,Some(AttributeKey[scala.collection.Seq[sbt.Attributed[java.io.File]]]("unmanagedJars") in Scope(Build: file:/Users/tianmaolan/Downloads/PlayFramework-master/, , Project: ProjectReference(file:/Users/tianmaolan/Downloads/PlayFramework-master/,root), Config: compile)))
Sending msg to client play-fork-run-3fa2766d-3cf2-4977-b7a9-5a06175834ac: TaskFinished(92,9540,Some(AttributeKey[sbt.Resolver]("projectResolver") in Scope(Build: file:/Users/tianmaolan/Downloads/PlayFramework-master/, , Project: ProjectReference(file:/Users/tianmaolan/Downloads/PlayFramework-master/,root))),true,None)
Sending msg to client play-fork-run-3fa2766d-3cf2-4977-b7a9-5a06175834ac: TaskStarted(92,9539,Some(AttributeKey[scala.collection.Seq[sbt.Resolver]]("fullResolvers") in Scope(Build: file:/Users/tianmaolan/Downloads/PlayFramework-master/, , Project: ProjectReference(file:/Users/tianmaolan/Downloads/PlayFramework-master/,root))))
Sending msg to client play-fork-run-3fa2766d-3cf2-4977-b7a9-5a06175834ac: TaskFinished(92,9573,Some(AttributeKey[scala.collection.Seq[sbt.Attributed[java.io.File]]]("unmanagedJars") in Scope(Build: file:/Users/tianmaolan/Downloads/PlayFramework-master/, , Project: ProjectReference(file:/Users/tianmaolan/Downloads/PlayFramework-master/,root), Config: compile)),true,None)
Sending msg to client play-fork-run-3fa2766d-3cf2-4977-b7a9-5a06175834ac: TaskStarted(92,9572,None)
Sending msg to client play-fork-run-3fa2766d-3cf2-4977-b7a9-5a06175834ac: TaskFinished(92,9539,Some(AttributeKey[scala.collection.Seq[sbt.Resolver]]("fullResolvers") in Scope(Build: file:/Users/tianmaolan/Downloads/PlayFramework-master/, , Project: ProjectReference(file:/Users/tianmaolan/Downloads/PlayFramework-master/,root))),true,None)
Sending msg to client play-fork-run-3fa2766d-3cf2-4977-b7a9-5a06175834ac: TaskStarted(92,9537,Some(AttributeKey[sbt.IvyConfiguration]("ivyConfiguration") in Scope(Build: file:/Users/tianmaolan/Downloads/PlayFramework-master/, , Project: ProjectReference(file:/Users/tianmaolan/Downloads/PlayFramework-master/,root))))
Sending msg to client play-fork-run-3fa2766d-3cf2-4977-b7a9-5a06175834ac: TaskFinished(92,9572,None,true,None)
Sending msg to client play-fork-run-3fa2766d-3cf2-4977-b7a9-5a06175834ac: TaskStarted(92,9571,None)
Sending msg to client play-fork-run-3fa2766d-3cf2-4977-b7a9-5a06175834ac: TaskFinished(92,9571,None,true,None)
Sending msg to client play-fork-run-3fa2766d-3cf2-4977-b7a9-5a06175834ac: TaskFinished(92,9562,None,true,None)
Sending msg to client play-fork-run-3fa2766d-3cf2-4977-b7a9-5a06175834ac: TaskStarted(92,9560,Some(AttributeKey[scala.collection.Seq[sbt.Attributed[java.io.File]]]("unmanagedClasspath") in Scope(Build: file:/Users/tianmaolan/Downloads/PlayFramework-master/, , Project: ProjectReference(file:/Users/tianmaolan/Downloads/PlayFramework-master/,root), Config: runtime)))
Sending msg to client play-fork-run-3fa2766d-3cf2-4977-b7a9-5a06175834ac: TaskFinished(92,9537,Some(AttributeKey[sbt.IvyConfiguration]("ivyConfiguration") in Scope(Build: file:/Users/tianmaolan/Downloads/PlayFramework-master/, , Project: ProjectReference(file:/Users/tianmaolan/Downloads/PlayFramework-master/,root))),true,None)
Sending msg to client play-fork-run-3fa2766d-3cf2-4977-b7a9-5a06175834ac: TaskStarted(92,9536,Some(AttributeKey[sbt.IvySbt]("ivySbt") in Scope(Build: file:/Users/tianmaolan/Downloads/PlayFramework-master/, , Project: ProjectReference(file:/Users/tianmaolan/Downloads/PlayFramework-master/,root))))
Sending msg to client play-fork-run-3fa2766d-3cf2-4977-b7a9-5a06175834ac: TaskFinished(92,9560,Some(AttributeKey[scala.collection.Seq[sbt.Attributed[java.io.File]]]("unmanagedClasspath") in Scope(Build: file:/Users/tianmaolan/Downloads/PlayFramework-master/, , Project: ProjectReference(file:/Users/tianmaolan/Downloads/PlayFramework-master/,root), Config: runtime)),true,None)
Sending msg to client play-fork-run-3fa2766d-3cf2-4977-b7a9-5a06175834ac: TaskFinished(92,9536,Some(AttributeKey[sbt.IvySbt]("ivySbt") in Scope(Build: file:/Users/tianmaolan/Downloads/PlayFramework-master/, , Project: ProjectReference(file:/Users/tianmaolan/Downloads/PlayFramework-master/,root))),true,None)
Sending msg to client play-fork-run-3fa2766d-3cf2-4977-b7a9-5a06175834ac: TaskStarted(92,9532,Some(AttributeKey[sbt.IvySbt$Module]("ivyModule") in Scope(Build: file:/Users/tianmaolan/Downloads/PlayFramework-master/, , Project: ProjectReference(file:/Users/tianmaolan/Downloads/PlayFramework-master/,root))))
Sending msg to client play-fork-run-3fa2766d-3cf2-4977-b7a9-5a06175834ac: TaskFinished(92,9532,Some(AttributeKey[sbt.IvySbt$Module]("ivyModule") in Scope(Build: file:/Users/tianmaolan/Downloads/PlayFramework-master/, , Project: ProjectReference(file:/Users/tianmaolan/Downloads/PlayFramework-master/,root))),true,None)
Sending msg to client play-fork-run-3fa2766d-3cf2-4977-b7a9-5a06175834ac: TaskStarted(92,9521,Some(AttributeKey[sbt.UpdateReport]("update") in Scope(Build: file:/Users/tianmaolan/Downloads/PlayFramework-master/, , Project: ProjectReference(file:/Users/tianmaolan/Downloads/PlayFramework-master/,root))))
Sending msg to client play-fork-run-3fa2766d-3cf2-4977-b7a9-5a06175834ac: TaskFinished(92,9521,Some(AttributeKey[sbt.UpdateReport]("update") in Scope(Build: file:/Users/tianmaolan/Downloads/PlayFramework-master/, , Project: ProjectReference(file:/Users/tianmaolan/Downloads/PlayFramework-master/,root))),true,None)
Sending msg to client play-fork-run-3fa2766d-3cf2-4977-b7a9-5a06175834ac: TaskStarted(92,9518,Some(AttributeKey[sbt.UpdateReport]("update") in Scope(Build: file:/Users/tianmaolan/Downloads/PlayFramework-master/, , Project: ProjectReference(file:/Users/tianmaolan/Downloads/PlayFramework-master/,root))))
Sending msg to client play-fork-run-3fa2766d-3cf2-4977-b7a9-5a06175834ac: TaskFinished(92,9518,Some(AttributeKey[sbt.UpdateReport]("update") in Scope(Build: file:/Users/tianmaolan/Downloads/PlayFramework-master/, , Project: ProjectReference(file:/Users/tianmaolan/Downloads/PlayFramework-master/,root))),true,None)
Sending msg to client play-fork-run-3fa2766d-3cf2-4977-b7a9-5a06175834ac: TaskStarted(92,9517,Some(AttributeKey[scala.collection.Seq[sbt.Attributed[java.io.File]]]("managedClasspath") in Scope(Build: file:/Users/tianmaolan/Downloads/PlayFramework-master/, , Project: ProjectReference(file:/Users/tianmaolan/Downloads/PlayFramework-master/,root), Config: docs)))
Sending msg to client play-fork-run-3fa2766d-3cf2-4977-b7a9-5a06175834ac: TaskStarted(92,9567,Some(AttributeKey[sbt.Configuration]("classpathConfiguration") in Scope(Build: file:/Users/tianmaolan/Downloads/PlayFramework-master/, , Project: ProjectReference(file:/Users/tianmaolan/Downloads/PlayFramework-master/,root), Config: compile)))
Sending msg to client play-fork-run-3fa2766d-3cf2-4977-b7a9-5a06175834ac: TaskFinished(92,9567,Some(AttributeKey[sbt.Configuration]("classpathConfiguration") in Scope(Build: file:/Users/tianmaolan/Downloads/PlayFramework-master/, , Project: ProjectReference(file:/Users/tianmaolan/Downloads/PlayFramework-master/,root), Config: compile)),true,None)
Sending msg to client play-fork-run-3fa2766d-3cf2-4977-b7a9-5a06175834ac: TaskStarted(92,9566,None)
Sending msg to client play-fork-run-3fa2766d-3cf2-4977-b7a9-5a06175834ac: TaskFinished(92,9566,None,true,None)
Sending msg to client play-fork-run-3fa2766d-3cf2-4977-b7a9-5a06175834ac: TaskStarted(92,9565,Some(AttributeKey[sbt.Configuration]("classpathConfiguration") in Scope(Build: file:/Users/tianmaolan/Downloads/PlayFramework-master/, , Project: ProjectReference(file:/Users/tianmaolan/Downloads/PlayFramework-master/,root), Config: runtime)))
Sending msg to client play-fork-run-3fa2766d-3cf2-4977-b7a9-5a06175834ac: TaskFinished(92,9565,Some(AttributeKey[sbt.Configuration]("classpathConfiguration") in Scope(Build: file:/Users/tianmaolan/Downloads/PlayFramework-master/, , Project: ProjectReference(file:/Users/tianmaolan/Downloads/PlayFramework-master/,root), Config: runtime)),true,None)
Sending msg to client play-fork-run-3fa2766d-3cf2-4977-b7a9-5a06175834ac: TaskStarted(92,9564,None)
Sending msg to client play-fork-run-3fa2766d-3cf2-4977-b7a9-5a06175834ac: TaskFinished(92,9517,Some(AttributeKey[scala.collection.Seq[sbt.Attributed[java.io.File]]]("managedClasspath") in Scope(Build: file:/Users/tianmaolan/Downloads/PlayFramework-master/, , Project: ProjectReference(file:/Users/tianmaolan/Downloads/PlayFramework-master/,root), Config: docs)),true,None)
Sending msg to client play-fork-run-3fa2766d-3cf2-4977-b7a9-5a06175834ac: TaskFinished(92,9564,None,true,None)
Sending msg to client play-fork-run-3fa2766d-3cf2-4977-b7a9-5a06175834ac: TaskStarted(92,9563,Some(AttributeKey[scala.collection.Seq[sbt.Attributed[java.io.File]]]("managedClasspath") in Scope(Build: file:/Users/tianmaolan/Downloads/PlayFramework-master/, , Project: ProjectReference(file:/Users/tianmaolan/Downloads/PlayFramework-master/,root), Config: runtime)))
Sending msg to client play-fork-run-3fa2766d-3cf2-4977-b7a9-5a06175834ac: TaskFinished(92,9563,Some(AttributeKey[scala.collection.Seq[sbt.Attributed[java.io.File]]]("managedClasspath") in Scope(Build: file:/Users/tianmaolan/Downloads/PlayFramework-master/, , Project: ProjectReference(file:/Users/tianmaolan/Downloads/PlayFramework-master/,root), Config: runtime)),true,None)
Sending msg to client play-fork-run-3fa2766d-3cf2-4977-b7a9-5a06175834ac: TaskStarted(92,9559,None)
Sending msg to client play-fork-run-3fa2766d-3cf2-4977-b7a9-5a06175834ac: TaskFinished(92,9559,None,true,None)
Sending msg to client play-fork-run-3fa2766d-3cf2-4977-b7a9-5a06175834ac: TaskStarted(92,9557,Some(AttributeKey[scala.collection.Seq[sbt.Attributed[java.io.File]]]("playDependencyClasspath") in Scope(Build: file:/Users/tianmaolan/Downloads/PlayFramework-master/, , Project: ProjectReference(file:/Users/tianmaolan/Downloads/PlayFramework-master/,root))))
Sending msg to client play-fork-run-3fa2766d-3cf2-4977-b7a9-5a06175834ac: TaskFinished(92,9557,Some(AttributeKey[scala.collection.Seq[sbt.Attributed[java.io.File]]]("playDependencyClasspath") in Scope(Build: file:/Users/tianmaolan/Downloads/PlayFramework-master/, , Project: ProjectReference(file:/Users/tianmaolan/Downloads/PlayFramework-master/,root))),true,None)
Sending msg to client play-fork-run-3fa2766d-3cf2-4977-b7a9-5a06175834ac: TaskStarted(92,9515,Some(AttributeKey[play.forkrun.protocol.ForkConfig]("playForkConfig") in Scope(Build: file:/Users/tianmaolan/Downloads/PlayFramework-master/, , Project: ProjectReference(file:/Users/tianmaolan/Downloads/PlayFramework-master/,root))))
Sending msg to client play-fork-run-3fa2766d-3cf2-4977-b7a9-5a06175834ac: TaskFinished(92,9515,Some(AttributeKey[play.forkrun.protocol.ForkConfig]("playForkConfig") in Scope(Build: file:/Users/tianmaolan/Downloads/PlayFramework-master/, , Project: ProjectReference(file:/Users/tianmaolan/Downloads/PlayFramework-master/,root))),true,None)
Sending msg to client play-fork-run-3fa2766d-3cf2-4977-b7a9-5a06175834ac: ValueChanged(AttributeKey[play.forkrun.protocol.ForkConfig]("playForkConfig") in Scope(Build: file:/Users/tianmaolan/Downloads/PlayFramework-master/, , Project: ProjectReference(file:/Users/tianmaolan/Downloads/PlayFramework-master/,root)),TaskSuccess(BuildValue(LazyValue(ForkConfig(/Users/tianmaolan/Downloads/PlayFramework-master,List(),List(/Users/tianmaolan/Downloads/PlayFramework-master/lib/elasticsearch-0.90.0.RC2.jar, /Users/tianmaolan/Downloads/PlayFramework-master/lib/lucene-analyzers-common-4.2.1.jar, /Users/tianmaolan/Downloads/PlayFramework-master/lib/lucene-codecs-4.2.1.jar, /Users/tianmaolan/Downloads/PlayFramework-master/lib/lucene-core-4.2.1.jar, /Users/tianmaolan/Downloads/PlayFramework-master/lib/lucene-grouping-4.2.1.jar, /Users/tianmaolan/Downloads/PlayFramework-master/lib/lucene-highlighter-4.2.1.jar, /Users/tianmaolan/Downloads/PlayFramework-master/lib/lucene-join-4.2.1.jar, /Users/tianmaolan/Downloads/PlayFramework-master/lib/lucene-memory-4.2.1.jar, /Users/tianmaolan/Downloads/PlayFramework-master/lib/lucene-queries-4.2.1.jar, /Users/tianmaolan/Downloads/PlayFramework-master/lib/lucene-queryparser-4.2.1.jar, /Users/tianmaolan/Downloads/PlayFramework-master/lib/lucene-sandbox-4.2.1.jar, /Users/tianmaolan/Downloads/PlayFramework-master/lib/lucene-spatial-4.2.1.jar, /Users/tianmaolan/Downloads/PlayFramework-master/lib/lucene-suggest-4.2.1.jar, /Users/tianmaolan/Downloads/PlayFramework-master/lib/spatial4j-0.3.jar, /Users/tianmaolan/activator-dist-1.3.9/repository/org.scala-lang/scala-library/2.11.6/jars/scala-library.jar, /Users/tianmaolan/.ivy2/cache/com.typesafe.play/twirl-api_2.11/jars/twirl-api_2.11-1.0.2.jar, /Users/tianmaolan/.ivy2/cache/org.apache.commons/commons-lang3/jars/commons-lang3-3.1.jar, /Users/tianmaolan/.ivy2/cache/org.scala-lang.modules/scala-xml_2.11/bundles/scala-xml_2.11-1.0.1.jar, /Users/tianmaolan/.ivy2/cache/com.typesafe.play/play_2.11/jars/play_2.11-2.3.9.jar, /Users/tianmaolan/.ivy2/cache/com.typesafe.play/build-link/jars/build-link-2.3.9.jar, /Users/tianmaolan/.ivy2/cache/com.typesafe.play/play-exceptions/jars/play-exceptions-2.3.9.jar, /Users/tianmaolan/.ivy2/cache/com.typesafe.play/play-iteratees_2.11/jars/play-iteratees_2.11-2.3.9.jar, /Users/tianmaolan/.ivy2/cache/org.scala-stm/scala-stm_2.11/jars/scala-stm_2.11-0.7.jar, /Users/tianmaolan/.ivy2/cache/com.typesafe/config/bundles/config-1.2.1.jar, /Users/tianmaolan/.ivy2/cache/com.typesafe.play/play-json_2.11/jars/play-json_2.11-2.3.9.jar, /Users/tianmaolan/.ivy2/cache/com.typesafe.play/play-functional_2.11/jars/play-functional_2.11-2.3.9.jar, /Users/tianmaolan/.ivy2/cache/com.typesafe.play/play-datacommons_2.11/jars/play-datacommons_2.11-2.3.9.jar, /Users/tianmaolan/.ivy2/cache/joda-time/joda-time/jars/joda-time-2.3.jar, /Users/tianmaolan/.ivy2/cache/org.joda/joda-convert/jars/joda-convert-1.6.jar, /Users/tianmaolan/.ivy2/cache/com.fasterxml.jackson.core/jackson-annotations/bundles/jackson-annotations-2.3.2.jar, /Users/tianmaolan/.ivy2/cache/com.fasterxml.jackson.core/jackson-core/bundles/jackson-core-2.3.2.jar, /Users/tianmaolan/.ivy2/cache/com.fasterxml.jackson.core/jackson-databind/bundles/jackson-databind-2.3.2.jar, /Users/tianmaolan/.ivy2/cache/org.scala-lang/scala-reflect/jars/scala-reflect-2.11.1.jar, /Users/tianmaolan/.ivy2/cache/org.scala-lang.modules/scala-parser-combinators_2.11/bundles/scala-parser-combinators_2.11-1.0.1.jar, /Users/tianmaolan/.ivy2/cache/io.netty/netty/bundles/netty-3.9.8.Final.jar, /Users/tianmaolan/.ivy2/cache/com.typesafe.netty/netty-http-pipelining/jars/netty-http-pipelining-1.1.2.jar, /Users/tianmaolan/.ivy2/cache/org.slf4j/slf4j-api/jars/slf4j-api-1.7.6.jar, /Users/tianmaolan/.ivy2/cache/org.slf4j/jul-to-slf4j/jars/jul-to-slf4j-1.7.6.jar, /Users/tianmaolan/.ivy2/cache/org.slf4j/jcl-over-slf4j/jars/jcl-over-slf4j-1.7.6.jar, /Users/tianmaolan/.ivy2/cache/ch.qos.logback/logback-core/jars/logback-core-1.1.1.jar, /Users/tianmaolan/.ivy2/cache/ch.qos.logback/logback-classic/jars/logback-classic-1.1.1.jar, /Users/tianmaolan/.ivy2/cache/com.typesafe.akka/akka-actor_2.11/jars/akka-actor_2.11-2.3.4.jar, /Users/tianmaolan/.ivy2/cache/com.typesafe.akka/akka-slf4j_2.11/jars/akka-slf4j_2.11-2.3.4.jar, /Users/tianmaolan/.ivy2/cache/commons-codec/commons-codec/jars/commons-codec-1.9.jar, /Users/tianmaolan/.ivy2/cache/xerces/xercesImpl/jars/xercesImpl-2.11.0.jar, /Users/tianmaolan/.ivy2/cache/xml-apis/xml-apis/jars/xml-apis-1.4.01.jar, /Users/tianmaolan/.ivy2/cache/javax.transaction/jta/jars/jta-1.1.jar, /Users/tianmaolan/.ivy2/cache/com.typesafe.play/play-java_2.11/jars/play-java_2.11-2.3.9.jar, /Users/tianmaolan/.ivy2/cache/org.yaml/snakeyaml/bundles/snakeyaml-1.13.jar, /Users/tianmaolan/activator-dist-1.3.9/repository/org.hibernate/hibernate-validator/5.0.3.Final/jars/hibernate-validator.jar, /Users/tianmaolan/activator-dist-1.3.9/repository/javax.validation/validation-api/1.1.0.Final/jars/validation-api.jar, /Users/tianmaolan/activator-dist-1.3.9/repository/com.fasterxml/classmate/1.0.0/bundles/classmate.jar, /Users/tianmaolan/.ivy2/cache/org.jboss.logging/jboss-logging/jars/jboss-logging-3.2.0.Final.jar, /Users/tianmaolan/.ivy2/cache/org.springframework/spring-context/jars/spring-context-4.0.3.RELEASE.jar, /Users/tianmaolan/.ivy2/cache/org.springframework/spring-core/jars/spring-core-4.0.3.RELEASE.jar, /Users/tianmaolan/.ivy2/cache/org.springframework/spring-beans/jars/spring-beans-4.0.3.RELEASE.jar, /Users/tianmaolan/activator-dist-1.3.9/repository/org.javassist/javassist/3.19.0-GA/bundles/javassist.jar, /Users/tianmaolan/.ivy2/cache/org.reflections/reflections/jars/reflections-0.9.8.jar, /Users/tianmaolan/.ivy2/cache/com.google.guava/guava/bundles/guava-16.0.1.jar, /Users/tianmaolan/.ivy2/cache/dom4j/dom4j/jars/dom4j-1.6.1.jar, /Users/tianmaolan/activator-dist-1.3.9/repository/com.google.code.findbugs/jsr305/2.0.3/jars/jsr305.jar, /Users/tianmaolan/.ivy2/cache/org.apache.tomcat/tomcat-servlet-api/jars/tomcat-servlet-api-8.0.5.jar, /Users/tianmaolan/.ivy2/cache/org.elasticsearch/elasticsearch/jars/elasticsearch-1.5.0.jar, /Users/tianmaolan/.ivy2/cache/org.apache.lucene/lucene-core/jars/lucene-core-4.10.4.jar, /Users/tianmaolan/.ivy2/cache/org.apache.lucene/lucene-analyzers-common/jars/lucene-analyzers-common-4.10.4.jar, /Users/tianmaolan/.ivy2/cache/org.apache.lucene/lucene-queries/jars/lucene-queries-4.10.4.jar, /Users/tianmaolan/.ivy2/cache/org.apache.lucene/lucene-memory/jars/lucene-memory-4.10.4.jar, /Users/tianmaolan/.ivy2/cache/org.apache.lucene/lucene-highlighter/jars/lucene-highlighter-4.10.4.jar, /Users/tianmaolan/.ivy2/cache/org.apache.lucene/lucene-queryparser/jars/lucene-queryparser-4.10.4.jar, /Users/tianmaolan/.ivy2/cache/org.apache.lucene/lucene-sandbox/jars/lucene-sandbox-4.10.4.jar, /Users/tianmaolan/.ivy2/cache/org.apache.lucene/lucene-suggest/jars/lucene-suggest-4.10.4.jar, /Users/tianmaolan/.ivy2/cache/org.apache.lucene/lucene-misc/jars/lucene-misc-4.10.4.jar, /Users/tianmaolan/.ivy2/cache/org.apache.lucene/lucene-join/jars/lucene-join-4.10.4.jar, /Users/tianmaolan/.ivy2/cache/org.apache.lucene/lucene-grouping/jars/lucene-grouping-4.10.4.jar, /Users/tianmaolan/.ivy2/cache/org.apache.lucene/lucene-spatial/jars/lucene-spatial-4.10.4.jar, /Users/tianmaolan/.ivy2/cache/com.spatial4j/spatial4j/bundles/spatial4j-0.4.1.jar, /Users/tianmaolan/.ivy2/cache/org.antlr/antlr-runtime/jars/antlr-runtime-3.5.jar, /Users/tianmaolan/activator-dist-1.3.9/repository/org.ow2.asm/asm/4.1/jars/asm.jar, /Users/tianmaolan/.ivy2/cache/org.ow2.asm/asm-commons/jars/asm-commons-4.1.jar, /Users/tianmaolan/.ivy2/cache/mysql/mysql-connector-java/jars/mysql-connector-java-5.1.6.jar, /Users/tianmaolan/.ivy2/cache/com.typesafe.play/play-java-jdbc_2.11/jars/play-java-jdbc_2.11-2.3.9.jar, /Users/tianmaolan/.ivy2/cache/com.typesafe.play/play-jdbc_2.11/jars/play-jdbc_2.11-2.3.9.jar, /Users/tianmaolan/activator-dist-1.3.9/repository/com.jolbox/bonecp/0.8.0.RELEASE/bundles/bonecp.jar, /Users/tianmaolan/activator-dist-1.3.9/repository/com.h2database/h2/1.3.175/jars/h2.jar, /Users/tianmaolan/activator-dist-1.3.9/repository/tyrex/tyrex/1.0.1/jars/tyrex.jar, /Users/tianmaolan/.ivy2/cache/com.typesafe.play/play-java-ebean_2.11/jars/play-java-ebean_2.11-2.3.9.jar, /Users/tianmaolan/.ivy2/cache/org.avaje.ebeanorm/avaje-ebeanorm/jars/avaje-ebeanorm-3.3.4.jar, /Users/tianmaolan/.ivy2/cache/org.avaje.ebeanorm/avaje-ebeanorm-agent/jars/avaje-ebeanorm-agent-3.2.2.jar, /Users/tianmaolan/.ivy2/cache/org.hibernate.javax.persistence/hibernate-jpa-2.0-api/jars/hibernate-jpa-2.0-api-1.0.1.Final.jar, /Users/tianmaolan/.ivy2/cache/com.typesafe.play/play-cache_2.11/jars/play-cache_2.11-2.3.9.jar, /Users/tianmaolan/.ivy2/cache/net.sf.ehcache/ehcache-core/jars/ehcache-core-2.6.8.jar, /Users/tianmaolan/.ivy2/cache/com.typesafe.play/play-java-ws_2.11/jars/play-java-ws_2.11-2.3.9.jar, /Users/tianmaolan/.ivy2/cache/com.typesafe.play/play-ws_2.11/jars/play-ws_2.11-2.3.9.jar, /Users/tianmaolan/.ivy2/cache/com.ning/async-http-client/jars/async-http-client-1.8.15.jar, /Users/tianmaolan/.ivy2/cache/oauth.signpost/signpost-core/jars/signpost-core-1.2.1.2.jar, /Users/tianmaolan/.ivy2/cache/oauth.signpost/signpost-commonshttp4/jars/signpost-commonshttp4-1.2.1.2.jar, /Users/tianmaolan/activator-dist-1.3.9/repository/org.apache.httpcomponents/httpcore/4.0.1/jars/httpcore.jar, /Users/tianmaolan/activator-dist-1.3.9/repository/org.apache.httpcomponents/httpclient/4.0.1/jars/httpclient.jar, /Users/tianmaolan/.ivy2/cache/commons-logging/commons-logging/jars/commons-logging-1.1.1.jar),List((public/,/Users/tianmaolan/Downloads/PlayFramework-master/target/web/public/main)),List(/Users/tianmaolan/.ivy2/cache/com.typesafe.play/play-docs_2.11/jars/play-docs_2.11-2.3.9.jar, /Users/tianmaolan/.ivy2/cache/org.scala-lang/scala-library/jars/scala-library-2.11.1.jar, /Users/tianmaolan/.ivy2/cache/com.typesafe.play/play_2.11/jars/play_2.11-2.3.9.jar, /Users/tianmaolan/.ivy2/cache/com.typesafe.play/build-link/jars/build-link-2.3.9.jar, /Users/tianmaolan/.ivy2/cache/com.typesafe.play/play-exceptions/jars/play-exceptions-2.3.9.jar, /Users/tianmaolan/.ivy2/cache/org.javassist/javassist/bundles/javassist-3.18.2-GA.jar, /Users/tianmaolan/.ivy2/cache/com.typesafe.play/play-iteratees_2.11/jars/play-iteratees_2.11-2.3.9.jar, /Users/tianmaolan/.ivy2/cache/org.scala-stm/scala-stm_2.11/jars/scala-stm_2.11-0.7.jar, /Users/tianmaolan/.ivy2/cache/com.typesafe/config/bundles/config-1.2.1.jar, /Users/tianmaolan/.ivy2/cache/com.typesafe.play/play-json_2.11/jars/play-json_2.11-2.3.9.jar, /Users/tianmaolan/.ivy2/cache/com.typesafe.play/play-functional_2.11/jars/play-functional_2.11-2.3.9.jar, /Users/tianmaolan/.ivy2/cache/com.typesafe.play/play-datacommons_2.11/jars/play-datacommons_2.11-2.3.9.jar, /Users/tianmaolan/.ivy2/cache/joda-time/joda-time/jars/joda-time-2.3.jar, /Users/tianmaolan/.ivy2/cache/org.joda/joda-convert/jars/joda-convert-1.6.jar, /Users/tianmaolan/.ivy2/cache/com.fasterxml.jackson.core/jackson-annotations/bundles/jackson-annotations-2.3.2.jar, /Users/tianmaolan/.ivy2/cache/com.fasterxml.jackson.core/jackson-core/bundles/jackson-core-2.3.2.jar, /Users/tianmaolan/.ivy2/cache/com.fasterxml.jackson.core/jackson-databind/bundles/jackson-databind-2.3.2.jar, /Users/tianmaolan/.ivy2/cache/org.scala-lang/scala-reflect/jars/scala-reflect-2.11.1.jar, /Users/tianmaolan/.ivy2/cache/com.typesafe.play/twirl-api_2.11/jars/twirl-api_2.11-1.0.2.jar, /Users/tianmaolan/.ivy2/cache/org.apache.commons/commons-lang3/jars/commons-lang3-3.1.jar, /Users/tianmaolan/.ivy2/cache/org.scala-lang.modules/scala-xml_2.11/bundles/scala-xml_2.11-1.0.1.jar, /Users/tianmaolan/.ivy2/cache/org.scala-lang.modules/scala-parser-combinators_2.11/bundles/scala-parser-combinators_2.11-1.0.1.jar, /Users/tianmaolan/.ivy2/cache/io.netty/netty/bundles/netty-3.9.8.Final.jar, /Users/tianmaolan/.ivy2/cache/com.typesafe.netty/netty-http-pipelining/jars/netty-http-pipelining-1.1.2.jar, /Users/tianmaolan/.ivy2/cache/org.slf4j/slf4j-api/jars/slf4j-api-1.7.6.jar, /Users/tianmaolan/.ivy2/cache/org.slf4j/jul-to-slf4j/jars/jul-to-slf4j-1.7.6.jar, /Users/tianmaolan/.ivy2/cache/org.slf4j/jcl-over-slf4j/jars/jcl-over-slf4j-1.7.6.jar, /Users/tianmaolan/.ivy2/cache/ch.qos.logback/logback-core/jars/logback-core-1.1.1.jar, /Users/tianmaolan/.ivy2/cache/ch.qos.logback/logback-classic/jars/logback-classic-1.1.1.jar, /Users/tianmaolan/.ivy2/cache/com.typesafe.akka/akka-actor_2.11/jars/akka-actor_2.11-2.3.4.jar, /Users/tianmaolan/.ivy2/cache/com.typesafe.akka/akka-slf4j_2.11/jars/akka-slf4j_2.11-2.3.4.jar, /Users/tianmaolan/.ivy2/cache/commons-codec/commons-codec/jars/commons-codec-1.9.jar, /Users/tianmaolan/.ivy2/cache/xerces/xercesImpl/jars/xercesImpl-2.11.0.jar, /Users/tianmaolan/.ivy2/cache/xml-apis/xml-apis/jars/xml-apis-1.4.01.jar, /Users/tianmaolan/.ivy2/cache/javax.transaction/jta/jars/jta-1.1.jar, /Users/tianmaolan/.ivy2/cache/com.typesafe.play/play-doc_2.11/jars/play-doc_2.11-1.1.0.jar, /Users/tianmaolan/activator-dist-1.3.9/repository/org.pegdown/pegdown/1.4.0/jars/pegdown.jar, /Users/tianmaolan/activator-dist-1.3.9/repository/org.parboiled/parboiled-java/1.1.5/bundles/parboiled-java.jar, /Users/tianmaolan/activator-dist-1.3.9/repository/org.parboiled/parboiled-core/1.1.5/bundles/parboiled-core.jar, /Users/tianmaolan/activator-dist-1.3.9/repository/org.ow2.asm/asm/4.1/jars/asm.jar, /Users/tianmaolan/activator-dist-1.3.9/repository/org.ow2.asm/asm-tree/4.1/jars/asm-tree.jar, /Users/tianmaolan/activator-dist-1.3.9/repository/org.ow2.asm/asm-analysis/4.1/jars/asm-analysis.jar, /Users/tianmaolan/activator-dist-1.3.9/repository/org.ow2.asm/asm-util/4.1/jars/asm-util.jar, /Users/tianmaolan/activator-dist-1.3.9/repository/commons-io/commons-io/2.4/jars/commons-io.jar),List(),9000,DefaultWatchService,List(/Users/tianmaolan/Downloads/PlayFramework-master/app-2.11, /Users/tianmaolan/Downloads/PlayFramework-master/app, /Users/tianmaolan/Downloads/PlayFramework-master/conf, /Users/tianmaolan/Downloads/PlayFramework-master/app/assets, /Users/tianmaolan/Downloads/PlayFramework-master/public),/Users/tianmaolan/Downloads/PlayFramework-master/target,500,root/playForkNotifyStart,root/playForkReload,300000),scala.pickling.PicklerUnpickler$DelegatingPicklerUnpickler@1d29a1b9),ForkConfig(/Users/tianmaolan/Downloads/PlayFramework-master,List(),List(/Users/tianmaolan/Downloads/PlayFramework-master/lib/elasticsearch-0.90.0.RC2.jar, /Users/tianmaolan/Downloads/PlayFramework-master/lib/lucene-analyzers-common-4.2.1.jar, /Users/tianmaolan/Downloads/PlayFramework-master/lib/lucene-codecs-4.2.1.jar, /Users/tianmaolan/Downloads/PlayFramework-master/lib/lucene-core-4.2.1.jar, /Users/tianmaolan/Downloads/PlayFramework-master/lib/lucene-grouping-4.2.1.jar, /Users/tianmaolan/Downloads/PlayFramework-master/lib/lucene-highlighter-4.2.1.jar, /Users/tianmaolan/Downloads/PlayFramework-master/lib/lucene-join-4.2.1.jar, /Users/tianmaolan/Downloads/PlayFramework-master/lib/lucene-memory-4.2.1.jar, /Users/tianmaolan/Downloads/PlayFramework-master/lib/lucene-queries-4.2.1.jar, /Users/tianmaolan/Downloads/PlayFramework-master/lib/lucene-queryparser-4.2.1.jar, /Users/tianmaolan/Downloads/PlayFramework-master/lib/lucene-sandbox-4.2.1.jar, /Users/tianmaolan/Downloads/PlayFramework-master/lib/lucene-spatial-4.2.1.jar, /Users/tianmaolan/Downloads/PlayFramework-master/lib/lucene-suggest-4.2.1.jar, /Users/tianmaolan/Downloads/PlayFramework-master/lib/spatial4j-0.3.jar, /Users/tianmaolan/activator-dist-1.3.9/repository/org.scala-lang/scala-library/2.11.6/jars/scala-library.jar, /Users/tianmaolan/.ivy2/cache/com.typesafe.play/twirl-api_2.11/jars/twirl-api_2.11-1.0.2.jar, /Users/tianmaolan/.ivy2/cache/org.apache.commons/commons-lang3/jars/commons-lang3-3.1.jar, /Users/tianmaolan/.ivy2/cache/org.scala-lang.modules/scala-xml_2.11/bundles/scala-xml_2.11-1.0.1.jar, /Users/tianmaolan/.ivy2/cache/com.typesafe.play/play_2.11/jars/play_2.11-2.3.9.jar, /Users/tianmaolan/.ivy2/cache/com.typesafe.play/build-link/jars/build-link-2.3.9.jar, /Users/tianmaolan/.ivy2/cache/com.typesafe.play/play-exceptions/jars/play-exceptions-2.3.9.jar, /Users/tianmaolan/.ivy2/cache/com.typesafe.play/play-iteratees_2.11/jars/play-iteratees_2.11-2.3.9.jar, /Users/tianmaolan/.ivy2/cache/org.scala-stm/scala-stm_2.11/jars/scala-stm_2.11-0.7.jar, /Users/tianmaolan/.ivy2/cache/com.typesafe/config/bundles/config-1.2.1.jar, /Users/tianmaolan/.ivy2/cache/com.typesafe.play/play-json_2.11/jars/play-json_2.11-2.3.9.jar, /Users/tianmaolan/.ivy2/cache/com.typesafe.play/play-functional_2.11/jars/play-functional_2.11-2.3.9.jar, /Users/tianmaolan/.ivy2/cache/com.typesafe.play/play-datacommons_2.11/jars/play-datacommons_2.11-2.3.9.jar, /Users/tianmaolan/.ivy2/cache/joda-time/joda-time/jars/joda-time-2.3.jar, /Users/tianmaolan/.ivy2/cache/org.joda/joda-convert/jars/joda-convert-1.6.jar, /Users/tianmaolan/.ivy2/cache/com.fasterxml.jackson.core/jackson-annotations/bundles/jackson-annotations-2.3.2.jar, /Users/tianmaolan/.ivy2/cache/com.fasterxml.jackson.core/jackson-core/bundles/jackson-core-2.3.2.jar, /Users/tianmaolan/.ivy2/cache/com.fasterxml.jackson.core/jackson-databind/bundles/jackson-databind-2.3.2.jar, /Users/tianmaolan/.ivy2/cache/org.scala-lang/scala-reflect/jars/scala-reflect-2.11.1.jar, /Users/tianmaolan/.ivy2/cache/org.scala-lang.modules/scala-parser-combinators_2.11/bundles/scala-parser-combinators_2.11-1.0.1.jar, /Users/tianmaolan/.ivy2/cache/io.netty/netty/bundles/netty-3.9.8.Final.jar, /Users/tianmaolan/.ivy2/cache/com.typesafe.netty/netty-http-pipelining/jars/netty-http-pipelining-1.1.2.jar, /Users/tianmaolan/.ivy2/cache/org.slf4j/slf4j-api/jars/slf4j-api-1.7.6.jar, /Users/tianmaolan/.ivy2/cache/org.slf4j/jul-to-slf4j/jars/jul-to-slf4j-1.7.6.jar, /Users/tianmaolan/.ivy2/cache/org.slf4j/jcl-over-slf4j/jars/jcl-over-slf4j-1.7.6.jar, /Users/tianmaolan/.ivy2/cache/ch.qos.logback/logback-core/jars/logback-core-1.1.1.jar, /Users/tianmaolan/.ivy2/cache/ch.qos.logback/logback-classic/jars/logback-classic-1.1.1.jar, /Users/tianmaolan/.ivy2/cache/com.typesafe.akka/akka-actor_2.11/jars/akka-actor_2.11-2.3.4.jar, /Users/tianmaolan/.ivy2/cache/com.typesafe.akka/akka-slf4j_2.11/jars/akka-slf4j_2.11-2.3.4.jar, /Users/tianmaolan/.ivy2/cache/commons-codec/commons-codec/jars/commons-codec-1.9.jar, /Users/tianmaolan/.ivy2/cache/xerces/xercesImpl/jars/xercesImpl-2.11.0.jar, /Users/tianmaolan/.ivy2/cache/xml-apis/xml-apis/jars/xml-apis-1.4.01.jar, /Users/tianmaolan/.ivy2/cache/javax.transaction/jta/jars/jta-1.1.jar, /Users/tianmaolan/.ivy2/cache/com.typesafe.play/play-java_2.11/jars/play-java_2.11-2.3.9.jar, /Users/tianmaolan/.ivy2/cache/org.yaml/snakeyaml/bundles/snakeyaml-1.13.jar, /Users/tianmaolan/activator-dist-1.3.9/repository/org.hibernate/hibernate-validator/5.0.3.Final/jars/hibernate-validator.jar, /Users/tianmaolan/activator-dist-1.3.9/repository/javax.validation/validation-api/1.1.0.Final/jars/validation-api.jar, /Users/tianmaolan/activator-dist-1.3.9/repository/com.fasterxml/classmate/1.0.0/bundles/classmate.jar, /Users/tianmaolan/.ivy2/cache/org.jboss.logging/jboss-logging/jars/jboss-logging-3.2.0.Final.jar, /Users/tianmaolan/.ivy2/cache/org.springframework/spring-context/jars/spring-context-4.0.3.RELEASE.jar, /Users/tianmaolan/.ivy2/cache/org.springframework/spring-core/jars/spring-core-4.0.3.RELEASE.jar, /Users/tianmaolan/.ivy2/cache/org.springframework/spring-beans/jars/spring-beans-4.0.3.RELEASE.jar, /Users/tianmaolan/activator-dist-1.3.9/repository/org.javassist/javassist/3.19.0-GA/bundles/javassist.jar, /Users/tianmaolan/.ivy2/cache/org.reflections/reflections/jars/reflections-0.9.8.jar, /Users/tianmaolan/.ivy2/cache/com.google.guava/guava/bundles/guava-16.0.1.jar, /Users/tianmaolan/.ivy2/cache/dom4j/dom4j/jars/dom4j-1.6.1.jar, /Users/tianmaolan/activator-dist-1.3.9/repository/com.google.code.findbugs/jsr305/2.0.3/jars/jsr305.jar, /Users/tianmaolan/.ivy2/cache/org.apache.tomcat/tomcat-servlet-api/jars/tomcat-servlet-api-8.0.5.jar, /Users/tianmaolan/.ivy2/cache/org.elasticsearch/elasticsearch/jars/elasticsearch-1.5.0.jar, /Users/tianmaolan/.ivy2/cache/org.apache.lucene/lucene-core/jars/lucene-core-4.10.4.jar, /Users/tianmaolan/.ivy2/cache/org.apache.lucene/lucene-analyzers-common/jars/lucene-analyzers-common-4.10.4.jar, /Users/tianmaolan/.ivy2/cache/org.apache.lucene/lucene-queries/jars/lucene-queries-4.10.4.jar, /Users/tianmaolan/.ivy2/cache/org.apache.lucene/lucene-memory/jars/lucene-memory-4.10.4.jar, /Users/tianmaolan/.ivy2/cache/org.apache.lucene/lucene-highlighter/jars/lucene-highlighter-4.10.4.jar, /Users/tianmaolan/.ivy2/cache/org.apache.lucene/lucene-queryparser/jars/lucene-queryparser-4.10.4.jar, /Users/tianmaolan/.ivy2/cache/org.apache.lucene/lucene-sandbox/jars/lucene-sandbox-4.10.4.jar, /Users/tianmaolan/.ivy2/cache/org.apache.lucene/lucene-suggest/jars/lucene-suggest-4.10.4.jar, /Users/tianmaolan/.ivy2/cache/org.apache.lucene/lucene-misc/jars/lucene-misc-4.10.4.jar, /Users/tianmaolan/.ivy2/cache/org.apache.lucene/lucene-join/jars/lucene-join-4.10.4.jar, /Users/tianmaolan/.ivy2/cache/org.apache.lucene/lucene-grouping/jars/lucene-grouping-4.10.4.jar, /Users/tianmaolan/.ivy2/cache/org.apache.lucene/lucene-spatial/jars/lucene-spatial-4.10.4.jar, /Users/tianmaolan/.ivy2/cache/com.spatial4j/spatial4j/bundles/spatial4j-0.4.1.jar, /Users/tianmaolan/.ivy2/cache/org.antlr/antlr-runtime/jars/antlr-runtime-3.5.jar, /Users/tianmaolan/activator-dist-1.3.9/repository/org.ow2.asm/asm/4.1/jars/asm.jar, /Users/tianmaolan/.ivy2/cache/org.ow2.asm/asm-commons/jars/asm-commons-4.1.jar, /Users/tianmaolan/.ivy2/cache/mysql/mysql-connector-java/jars/mysql-connector-java-5.1.6.jar, /Users/tianmaolan/.ivy2/cache/com.typesafe.play/play-java-jdbc_2.11/jars/play-java-jdbc_2.11-2.3.9.jar, /Users/tianmaolan/.ivy2/cache/com.typesafe.play/play-jdbc_2.11/jars/play-jdbc_2.11-2.3.9.jar, /Users/tianmaolan/activator-dist-1.3.9/repository/com.jolbox/bonecp/0.8.0.RELEASE/bundles/bonecp.jar, /Users/tianmaolan/activator-dist-1.3.9/repository/com.h2database/h2/1.3.175/jars/h2.jar, /Users/tianmaolan/activator-dist-1.3.9/repository/tyrex/tyrex/1.0.1/jars/tyrex.jar, /Users/tianmaolan/.ivy2/cache/com.typesafe.play/play-java-ebean_2.11/jars/play-java-ebean_2.11-2.3.9.jar, /Users/tianmaolan/.ivy2/cache/org.avaje.ebeanorm/avaje-ebeanorm/jars/avaje-ebeanorm-3.3.4.jar, /Users/tianmaolan/.ivy2/cache/org.avaje.ebeanorm/avaje-ebeanorm-agent/jars/avaje-ebeanorm-agent-3.2.2.jar, /Users/tianmaolan/.ivy2/cache/org.hibernate.javax.persistence/hibernate-jpa-2.0-api/jars/hibernate-jpa-2.0-api-1.0.1.Final.jar, /Users/tianmaolan/.ivy2/cache/com.typesafe.play/play-cache_2.11/jars/play-cache_2.11-2.3.9.jar, /Users/tianmaolan/.ivy2/cache/net.sf.ehcache/ehcache-core/jars/ehcache-core-2.6.8.jar, /Users/tianmaolan/.ivy2/cache/com.typesafe.play/play-java-ws_2.11/jars/play-java-ws_2.11-2.3.9.jar, /Users/tianmaolan/.ivy2/cache/com.typesafe.play/play-ws_2.11/jars/play-ws_2.11-2.3.9.jar, /Users/tianmaolan/.ivy2/cache/com.ning/async-http-client/jars/async-http-client-1.8.15.jar, /Users/tianmaolan/.ivy2/cache/oauth.signpost/signpost-core/jars/signpost-core-1.2.1.2.jar, /Users/tianmaolan/.ivy2/cache/oauth.signpost/signpost-commonshttp4/jars/signpost-commonshttp4-1.2.1.2.jar, /Users/tianmaolan/activator-dist-1.3.9/repository/org.apache.httpcomponents/httpcore/4.0.1/jars/httpcore.jar, /Users/tianmaolan/activator-dist-1.3.9/repository/org.apache.httpcomponents/httpclient/4.0.1/jars/httpclient.jar, /Users/tianmaolan/.ivy2/cache/commons-logging/commons-logging/jars/commons-logging-1.1.1.jar),List((public/,/Users/tianmaolan/Downloads/PlayFramework-master/target/web/public/main)),List(/Users/tianmaolan/.ivy2/cache/com.typesafe.play/play-docs_2.11/jars/play-docs_2.11-2.3.9.jar, /Users/tianmaolan/.ivy2/cache/org.scala-lang/scala-library/jars/scala-library-2.11.1.jar, /Users/tianmaolan/.ivy2/cache/com.typesafe.play/play_2.11/jars/play_2.11-2.3.9.jar, /Users/tianmaolan/.ivy2/cache/com.typesafe.play/build-link/jars/build-link-2.3.9.jar, /Users/tianmaolan/.ivy2/cache/com.typesafe.play/play-exceptions/jars/play-exceptions-2.3.9.jar, /Users/tianmaolan/.ivy2/cache/org.javassist/javassist/bundles/javassist-3.18.2-GA.jar, /Users/tianmaolan/.ivy2/cache/com.typesafe.play/play-iteratees_2.11/jars/play-iteratees_2.11-2.3.9.jar, /Users/tianmaolan/.ivy2/cache/org.scala-stm/scala-stm_2.11/jars/scala-stm_2.11-0.7.jar, /Users/tianmaolan/.ivy2/cache/com.typesafe/config/bundles/config-1.2.1.jar, /Users/tianmaolan/.ivy2/cache/com.typesafe.play/play-json_2.11/jars/play-json_2.11-2.3.9.jar, /Users/tianmaolan/.ivy2/cache/com.typesafe.play/play-functional_2.11/jars/play-functional_2.11-2.3.9.jar, /Users/tianmaolan/.ivy2/cache/com.typesafe.play/play-datacommons_2.11/jars/play-datacommons_2.11-2.3.9.jar, /Users/tianmaolan/.ivy2/cache/joda-time/joda-time/jars/joda-time-2.3.jar, /Users/tianmaolan/.ivy2/cache/org.joda/joda-convert/jars/joda-convert-1.6.jar, /Users/tianmaolan/.ivy2/cache/com.fasterxml.jackson.core/jackson-annotations/bundles/jackson-annotations-2.3.2.jar, /Users/tianmaolan/.ivy2/cache/com.fasterxml.jackson.core/jackson-core/bundles/jackson-core-2.3.2.jar, /Users/tianmaolan/.ivy2/cache/com.fasterxml.jackson.core/jackson-databind/bundles/jackson-databind-2.3.2.jar, /Users/tianmaolan/.ivy2/cache/org.scala-lang/scala-reflect/jars/scala-reflect-2.11.1.jar, /Users/tianmaolan/.ivy2/cache/com.typesafe.play/twirl-api_2.11/jars/twirl-api_2.11-1.0.2.jar, /Users/tianmaolan/.ivy2/cache/org.apache.commons/commons-lang3/jars/commons-lang3-3.1.jar, /Users/tianmaolan/.ivy2/cache/org.scala-lang.modules/scala-xml_2.11/bundles/scala-xml_2.11-1.0.1.jar, /Users/tianmaolan/.ivy2/cache/org.scala-lang.modules/scala-parser-combinators_2.11/bundles/scala-parser-combinators_2.11-1.0.1.jar, /Users/tianmaolan/.ivy2/cache/io.netty/netty/bundles/netty-3.9.8.Final.jar, /Users/tianmaolan/.ivy2/cache/com.typesafe.netty/netty-http-pipelining/jars/netty-http-pipelining-1.1.2.jar, /Users/tianmaolan/.ivy2/cache/org.slf4j/slf4j-api/jars/slf4j-api-1.7.6.jar, /Users/tianmaolan/.ivy2/cache/org.slf4j/jul-to-slf4j/jars/jul-to-slf4j-1.7.6.jar, /Users/tianmaolan/.ivy2/cache/org.slf4j/jcl-over-slf4j/jars/jcl-over-slf4j-1.7.6.jar, /Users/tianmaolan/.ivy2/cache/ch.qos.logback/logback-core/jars/logback-core-1.1.1.jar, /Users/tianmaolan/.ivy2/cache/ch.qos.logback/logback-classic/jars/logback-classic-1.1.1.jar, /Users/tianmaolan/.ivy2/cache/com.typesafe.akka/akka-actor_2.11/jars/akka-actor_2.11-2.3.4.jar, /Users/tianmaolan/.ivy2/cache/com.typesafe.akka/akka-slf4j_2.11/jars/akka-slf4j_2.11-2.3.4.jar, /Users/tianmaolan/.ivy2/cache/commons-codec/commons-codec/jars/commons-codec-1.9.jar, /Users/tianmaolan/.ivy2/cache/xerces/xercesImpl/jars/xercesImpl-2.11.0.jar, /Users/tianmaolan/.ivy2/cache/xml-apis/xml-apis/jars/xml-apis-1.4.01.jar, /Users/tianmaolan/.ivy2/cache/javax.transaction/jta/jars/jta-1.1.jar, /Users/tianmaolan/.ivy2/cache/com.typesafe.play/play-doc_2.11/jars/play-doc_2.11-1.1.0.jar, /Users/tianmaolan/activator-dist-1.3.9/repository/org.pegdown/pegdown/1.4.0/jars/pegdown.jar, /Users/tianmaolan/activator-dist-1.3.9/repository/org.parboiled/parboiled-java/1.1.5/bundles/parboiled-java.jar, /Users/tianmaolan/activator-dist-1.3.9/repository/org.parboiled/parboiled-core/1.1.5/bundles/parboiled-core.jar, /Users/tianmaolan/activator-dist-1.3.9/repository/org.ow2.asm/asm/4.1/jars/asm.jar, /Users/tianmaolan/activator-dist-1.3.9/repository/org.ow2.asm/asm-tree/4.1/jars/asm-tree.jar, /Users/tianmaolan/activator-dist-1.3.9/repository/org.ow2.asm/asm-analysis/4.1/jars/asm-analysis.jar, /Users/tianmaolan/activator-dist-1.3.9/repository/org.ow2.asm/asm-util/4.1/jars/asm-util.jar, /Users/tianmaolan/activator-dist-1.3.9/repository/commons-io/commons-io/2.4/jars/commons-io.jar),List(),9000,DefaultWatchService,List(/Users/tianmaolan/Downloads/PlayFramework-master/app-2.11, /Users/tianmaolan/Downloads/PlayFramework-master/app, /Users/tianmaolan/Downloads/PlayFramework-master/conf, /Users/tianmaolan/Downloads/PlayFramework-master/app/assets, /Users/tianmaolan/Downloads/PlayFramework-master/public),/Users/tianmaolan/Downloads/PlayFramework-master/target,500,root/playForkNotifyStart,root/playForkReload,300000))))
Sending msg to client play-fork-run-3fa2766d-3cf2-4977-b7a9-5a06175834ac: TaskStarted(92,9514,None)
Sending msg to client play-fork-run-3fa2766d-3cf2-4977-b7a9-5a06175834ac: TaskFinished(92,9514,None,true,None)
Sending msg to client play-fork-run-3fa2766d-3cf2-4977-b7a9-5a06175834ac: TaskStarted(92,9513,None)
Sending msg to client play-fork-run-3fa2766d-3cf2-4977-b7a9-5a06175834ac: TaskFinished(92,9513,None,true,None)
Sending msg to client play-fork-run-3fa2766d-3cf2-4977-b7a9-5a06175834ac: DetachedLogEvent(LogMessage(debug,cancel strategy finish enabled=false lastCommand=Some(LastCommand(CommandExecutionWork(ExecutionId(92),{file:/Users/tianmaolan/Downloads/PlayFramework-master/}root/*:playForkConfig,Set(LiveClient(play-fork-run 3fa2766d-3cf2-4977-b7a9-5a06175834ac)),sbt.server.WorkCancellationStatus$$anon$1@5f506e9d)))))
Sending msg to client play-fork-run-3fa2766d-3cf2-4977-b7a9-5a06175834ac: DetachedLogEvent(LogSuccess(Total time: 0 s, completed Apr 8, 2016 12:21:19 AM))
Sending msg to client play-fork-run-3fa2766d-3cf2-4977-b7a9-5a06175834ac: DetachedLogEvent(LogMessage(debug,> server-post-command-cleanup))
Sending msg to client play-fork-run-3fa2766d-3cf2-4977-b7a9-5a06175834ac: ExecutionSuccess(92)
Sending msg to client play-fork-run-3fa2766d-3cf2-4977-b7a9-5a06175834ac: DetachedLogEvent(LogMessage(debug,> server-handle-next-server-request))
Sending msg to client play-fork-run-3fa2766d-3cf2-4977-b7a9-5a06175834ac: BackgroundJobLogEvent(11,LogMessage(info,))
Sending msg to client play-fork-run-3fa2766d-3cf2-4977-b7a9-5a06175834ac: BackgroundJobLogEvent(11,LogMessage(info,[35m--- (Running the application, auto-reloading is enabled) ---[0m))
Sending msg to client play-fork-run-3fa2766d-3cf2-4977-b7a9-5a06175834ac: BackgroundJobLogEvent(11,LogMessage(info,))
Sending msg to client play-fork-run-3fa2766d-3cf2-4977-b7a9-5a06175834ac: BackgroundJobLogEvent(11,LogMessage(info,play - Listening for HTTP on /0:0:0:0:0:0:0:0:9000))
Sending msg to client play-fork-run-3fa2766d-3cf2-4977-b7a9-5a06175834ac: BackgroundJobLogEvent(11,LogMessage(info,))
Sending msg to client play-fork-run-3fa2766d-3cf2-4977-b7a9-5a06175834ac: BackgroundJobLogEvent(11,LogMessage(info,[32m(Server started, use Ctrl+D to stop and go back to the console...)[0m))
Sending msg to client play-fork-run-3fa2766d-3cf2-4977-b7a9-5a06175834ac: BackgroundJobLogEvent(11,LogMessage(info,))
Got request: ExecutionRequest(root/playForkNotifyStart http://localhost:9000)
Reading next message from client.
Sending msg to client play-fork-run-3fa2766d-3cf2-4977-b7a9-5a06175834ac: (8,ExecutionRequestReceived(93))
Sending msg to client play-fork-run-3fa2766d-3cf2-4977-b7a9-5a06175834ac: ExecutionWaiting(93,root/playForkNotifyStart http://localhost:9000,ClientInfo(3fa2766d-3cf2-4977-b7a9-5a06175834ac,play-fork-run,Play Fork Run,1,Vector()))
Sending msg to client play-fork-run-3fa2766d-3cf2-4977-b7a9-5a06175834ac: ExecutionStarting(93)
Sending msg to client play-fork-run-3fa2766d-3cf2-4977-b7a9-5a06175834ac: DetachedLogEvent(LogMessage(debug,> root/playForkNotifyStart http://localhost:9000))
Sending msg to client play-fork-run-3fa2766d-3cf2-4977-b7a9-5a06175834ac: DetachedLogEvent(LogMessage(debug,Evaluating tasks: *:playForkNotifyStart))
Sending msg to client play-fork-run-3fa2766d-3cf2-4977-b7a9-5a06175834ac: DetachedLogEvent(LogMessage(debug,Running task... Cancel: sbt.server.ServerTaskCancellation@5b502246, check cycles: false))
Sending msg to client play-fork-run-3fa2766d-3cf2-4977-b7a9-5a06175834ac: DetachedLogEvent(LogMessage(debug,cancel strategy start enabled=true lastCommand=Some(LastCommand(CommandExecutionWork(ExecutionId(93),root/playForkNotifyStart http://localhost:9000,Set(LiveClient(play-fork-run 3fa2766d-3cf2-4977-b7a9-5a06175834ac)),sbt.server.WorkCancellationStatus$$anon$1@427c50e2)))))
Sending msg to client play-fork-run-3fa2766d-3cf2-4977-b7a9-5a06175834ac: TaskStarted(93,9589,Some(AttributeKey[sbt.SendEventService]("sendEventService") in Scope(Global)))
Sending msg to client play-fork-run-3fa2766d-3cf2-4977-b7a9-5a06175834ac: TaskFinished(93,9589,Some(AttributeKey[sbt.SendEventService]("sendEventService") in Scope(Global)),true,None)
Sending msg to client play-fork-run-3fa2766d-3cf2-4977-b7a9-5a06175834ac: TaskStarted(93,9588,Some(AttributeKey[scala.Function1[java.lang.String,void]]("playForkStarted") in Scope(Build: file:/Users/tianmaolan/Downloads/PlayFramework-master/, , Project: ProjectReference(file:/Users/tianmaolan/Downloads/PlayFramework-master/,root))))
Sending msg to client play-fork-run-3fa2766d-3cf2-4977-b7a9-5a06175834ac: TaskFinished(93,9588,Some(AttributeKey[scala.Function1[java.lang.String,void]]("playForkStarted") in Scope(Build: file:/Users/tianmaolan/Downloads/PlayFramework-master/, , Project: ProjectReference(file:/Users/tianmaolan/Downloads/PlayFramework-master/,root))),true,None)
Sending msg to client play-fork-run-3fa2766d-3cf2-4977-b7a9-5a06175834ac: TaskStarted(93,9587,Some(AttributeKey[void]("playForkNotifyStart") in Scope(Build: file:/Users/tianmaolan/Downloads/PlayFramework-master/, , Project: ProjectReference(file:/Users/tianmaolan/Downloads/PlayFramework-master/,root))))
Sending msg to client play-fork-run-3fa2766d-3cf2-4977-b7a9-5a06175834ac: TaskEvent(9587,LazyValue(PlayServerStarted(http://localhost:9000),play.forkrun.protocol.Serializers$PlayForkrunProtocolPlayServerStartedPickler1$2$@5bd82666))
Sending msg to client play-fork-run-3fa2766d-3cf2-4977-b7a9-5a06175834ac: TaskFinished(93,9587,Some(AttributeKey[void]("playForkNotifyStart") in Scope(Build: file:/Users/tianmaolan/Downloads/PlayFramework-master/, , Project: ProjectReference(file:/Users/tianmaolan/Downloads/PlayFramework-master/,root))),true,None)
Sending msg to client play-fork-run-3fa2766d-3cf2-4977-b7a9-5a06175834ac: TaskStarted(93,9586,None)
Sending msg to client play-fork-run-3fa2766d-3cf2-4977-b7a9-5a06175834ac: TaskFinished(93,9586,None,true,None)
Sending msg to client play-fork-run-3fa2766d-3cf2-4977-b7a9-5a06175834ac: TaskStarted(93,9585,None)
Sending msg to client play-fork-run-3fa2766d-3cf2-4977-b7a9-5a06175834ac: TaskFinished(93,9585,None,true,None)
Sending msg to client play-fork-run-3fa2766d-3cf2-4977-b7a9-5a06175834ac: DetachedLogEvent(LogMessage(debug,cancel strategy finish enabled=false lastCommand=Some(LastCommand(CommandExecutionWork(ExecutionId(93),root/playForkNotifyStart http://localhost:9000,Set(LiveClient(play-fork-run 3fa2766d-3cf2-4977-b7a9-5a06175834ac)),sbt.server.WorkCancellationStatus$$anon$1@427c50e2)))))
Sending msg to client play-fork-run-3fa2766d-3cf2-4977-b7a9-5a06175834ac: DetachedLogEvent(LogSuccess(Total time: 0 s, completed Apr 8, 2016 12:21:22 AM))
Sending msg to client play-fork-run-3fa2766d-3cf2-4977-b7a9-5a06175834ac: DetachedLogEvent(LogMessage(debug,> server-post-command-cleanup))
Sending msg to client play-fork-run-3fa2766d-3cf2-4977-b7a9-5a06175834ac: ExecutionSuccess(93)
Sending msg to client play-fork-run-3fa2766d-3cf2-4977-b7a9-5a06175834ac: DetachedLogEvent(LogMessage(debug,> server-handle-next-server-request))
Sending msg to client play-fork-run-3fa2766d-3cf2-4977-b7a9-5a06175834ac: BackgroundJobLogEvent(10,LogMessage(info,Forked Play process did not exit on its own, terminating it))
Sending msg to client play-fork-run-3fa2766d-3cf2-4977-b7a9-5a06175834ac: BackgroundJobFinished(78,10)
